Analysis & Synthesis report for nbyn
Tue Oct 24 12:26:36 2017
Quartus Prime Version 17.0.0 Build 595 04/25/2017 SJ Lite Edition


---------------------
; Table of Contents ;
---------------------
  1. Legal Notice
  2. Analysis & Synthesis Summary
  3. Analysis & Synthesis Settings
  4. Parallel Compilation
  5. Analysis & Synthesis Source Files Read
  6. Analysis & Synthesis Resource Usage Summary
  7. Analysis & Synthesis Resource Utilization by Entity
  8. General Register Statistics
  9. Multiplexer Restructuring Statistics (Restructuring Performed)
 10. Parameter Settings for User Entity Instance: Top-level Entity: |nbyn_switch
 11. Post-Synthesis Netlist Statistics for Top Partition
 12. Elapsed Time Per Partition
 13. Analysis & Synthesis Messages



----------------
; Legal Notice ;
----------------
Copyright (C) 2017  Intel Corporation. All rights reserved.
Your use of Intel Corporation's design tools, logic functions 
and other software and tools, and its AMPP partner logic 
functions, and any output files from any of the foregoing 
(including device programming or simulation files), and any 
associated documentation or information are expressly subject 
to the terms and conditions of the Intel Program License 
Subscription Agreement, the Intel Quartus Prime License Agreement,
the Intel MegaCore Function License Agreement, or other 
applicable license agreement, including, without limitation, 
that your use is for the sole purpose of programming logic 
devices manufactured by Intel and sold by Intel or its 
authorized distributors.  Please refer to the applicable 
agreement for further details.



+---------------------------------------------------------------------------------+
; Analysis & Synthesis Summary                                                    ;
+-----------------------------------+---------------------------------------------+
; Analysis & Synthesis Status       ; Successful - Tue Oct 24 12:26:36 2017       ;
; Quartus Prime Version             ; 17.0.0 Build 595 04/25/2017 SJ Lite Edition ;
; Revision Name                     ; nbyn                                        ;
; Top-level Entity Name             ; nbyn_switch                                 ;
; Family                            ; Arria II GX                                 ;
; Logic utilization                 ; N/A                                         ;
;     Combinational ALUTs           ; 53                                          ;
;     Memory ALUTs                  ; 0                                           ;
;     Dedicated logic registers     ; 39                                          ;
; Total registers                   ; 39                                          ;
; Total pins                        ; 1                                           ;
; Total virtual pins                ; 83                                          ;
; Total block memory bits           ; 0                                           ;
; DSP block 18-bit elements         ; 0                                           ;
; Total GXB Receiver Channel PCS    ; 0                                           ;
; Total GXB Receiver Channel PMA    ; 0                                           ;
; Total GXB Transmitter Channel PCS ; 0                                           ;
; Total GXB Transmitter Channel PMA ; 0                                           ;
; Total PLLs                        ; 0                                           ;
; Total DLLs                        ; 0                                           ;
+-----------------------------------+---------------------------------------------+


+---------------------------------------------------------------------------------------------------------------------------+
; Analysis & Synthesis Settings                                                                                             ;
+---------------------------------------------------------------------------------+--------------------+--------------------+
; Option                                                                          ; Setting            ; Default Value      ;
+---------------------------------------------------------------------------------+--------------------+--------------------+
; Device                                                                          ; EP2AGX45CU17C4     ;                    ;
; Top-level entity name                                                           ; nbyn_switch        ; nbyn               ;
; Family name                                                                     ; Arria II GX        ; Cyclone V          ;
; Optimization Technique                                                          ; Speed              ; Balanced           ;
; Use smart compilation                                                           ; Off                ; Off                ;
; Enable parallel Assembler and TimeQuest Timing Analyzer during compilation      ; On                 ; On                 ;
; Enable compact report table                                                     ; Off                ; Off                ;
; Restructure Multiplexers                                                        ; Auto               ; Auto               ;
; MLAB Add Timing Constraints For Mixed-Port Feed-Through Mode Setting Don't Care ; Off                ; Off                ;
; Create Debugging Nodes for IP Cores                                             ; Off                ; Off                ;
; Preserve fewer node names                                                       ; On                 ; On                 ;
; OpenCore Plus hardware evaluation                                               ; Enable             ; Enable             ;
; Verilog Version                                                                 ; Verilog_2001       ; Verilog_2001       ;
; VHDL Version                                                                    ; VHDL_1993          ; VHDL_1993          ;
; State Machine Processing                                                        ; Auto               ; Auto               ;
; Safe State Machine                                                              ; Off                ; Off                ;
; Extract Verilog State Machines                                                  ; On                 ; On                 ;
; Extract VHDL State Machines                                                     ; On                 ; On                 ;
; Ignore Verilog initial constructs                                               ; Off                ; Off                ;
; Iteration limit for constant Verilog loops                                      ; 5000               ; 5000               ;
; Iteration limit for non-constant Verilog loops                                  ; 250                ; 250                ;
; Add Pass-Through Logic to Inferred RAMs                                         ; On                 ; On                 ;
; Infer RAMs from Raw Logic                                                       ; On                 ; On                 ;
; Parallel Synthesis                                                              ; On                 ; On                 ;
; DSP Block Balancing                                                             ; Auto               ; Auto               ;
; NOT Gate Push-Back                                                              ; On                 ; On                 ;
; Power-Up Don't Care                                                             ; On                 ; On                 ;
; Remove Redundant Logic Cells                                                    ; Off                ; Off                ;
; Remove Duplicate Registers                                                      ; On                 ; On                 ;
; Ignore CARRY Buffers                                                            ; Off                ; Off                ;
; Ignore CASCADE Buffers                                                          ; Off                ; Off                ;
; Ignore GLOBAL Buffers                                                           ; Off                ; Off                ;
; Ignore ROW GLOBAL Buffers                                                       ; Off                ; Off                ;
; Ignore LCELL Buffers                                                            ; Off                ; Off                ;
; Ignore SOFT Buffers                                                             ; On                 ; On                 ;
; Limit AHDL Integers to 32 Bits                                                  ; Off                ; Off                ;
; Carry Chain Length                                                              ; 70                 ; 70                 ;
; Auto Carry Chains                                                               ; On                 ; On                 ;
; Auto Open-Drain Pins                                                            ; On                 ; On                 ;
; Perform WYSIWYG Primitive Resynthesis                                           ; Off                ; Off                ;
; Auto ROM Replacement                                                            ; On                 ; On                 ;
; Auto RAM Replacement                                                            ; On                 ; On                 ;
; Auto DSP Block Replacement                                                      ; On                 ; On                 ;
; Auto Shift Register Replacement                                                 ; Auto               ; Auto               ;
; Allow Shift Register Merging across Hierarchies                                 ; Auto               ; Auto               ;
; Auto Clock Enable Replacement                                                   ; On                 ; On                 ;
; Strict RAM Replacement                                                          ; Off                ; Off                ;
; Allow Synchronous Control Signals                                               ; On                 ; On                 ;
; Force Use of Synchronous Clear Signals                                          ; Off                ; Off                ;
; Auto RAM Block Balancing                                                        ; On                 ; On                 ;
; Auto RAM to Logic Cell Conversion                                               ; Off                ; Off                ;
; Auto Resource Sharing                                                           ; Off                ; Off                ;
; Allow Any RAM Size For Recognition                                              ; Off                ; Off                ;
; Allow Any ROM Size For Recognition                                              ; Off                ; Off                ;
; Allow Any Shift Register Size For Recognition                                   ; Off                ; Off                ;
; Use LogicLock Constraints during Resource Balancing                             ; On                 ; On                 ;
; Ignore translate_off and synthesis_off directives                               ; Off                ; Off                ;
; Timing-Driven Synthesis                                                         ; On                 ; On                 ;
; Report Parameter Settings                                                       ; On                 ; On                 ;
; Report Source Assignments                                                       ; On                 ; On                 ;
; Report Connectivity Checks                                                      ; On                 ; On                 ;
; Ignore Maximum Fan-Out Assignments                                              ; Off                ; Off                ;
; Synchronization Register Chain Length                                           ; 3                  ; 3                  ;
; PowerPlay Power Optimization During Synthesis                                   ; Normal compilation ; Normal compilation ;
; HDL message level                                                               ; Level2             ; Level2             ;
; Suppress Register Optimization Related Messages                                 ; Off                ; Off                ;
; Number of Removed Registers Reported in Synthesis Report                        ; 5000               ; 5000               ;
; Number of Swept Nodes Reported in Synthesis Report                              ; 5000               ; 5000               ;
; Number of Inverted Registers Reported in Synthesis Report                       ; 100                ; 100                ;
; Clock MUX Protection                                                            ; On                 ; On                 ;
; Auto Gated Clock Conversion                                                     ; Off                ; Off                ;
; Block Design Naming                                                             ; Auto               ; Auto               ;
; SDC constraint protection                                                       ; Off                ; Off                ;
; Synthesis Effort                                                                ; Auto               ; Auto               ;
; Shift Register Replacement - Allow Asynchronous Clear Signal                    ; On                 ; On                 ;
; Pre-Mapping Resynthesis Optimization                                            ; Off                ; Off                ;
; Analysis & Synthesis Message Level                                              ; Medium             ; Medium             ;
; Disable Register Merging Across Hierarchies                                     ; Auto               ; Auto               ;
; Resource Aware Inference For Block RAM                                          ; On                 ; On                 ;
+---------------------------------------------------------------------------------+--------------------+--------------------+


+------------------------------------------+
; Parallel Compilation                     ;
+----------------------------+-------------+
; Processors                 ; Number      ;
+----------------------------+-------------+
; Number detected on machine ; 4           ;
; Maximum allowed            ; 4           ;
;                            ;             ;
; Average used               ; 1.00        ;
; Maximum used               ; 1           ;
;                            ;             ;
; Usage by Processor         ; % Time Used ;
;     Processor 1            ; 100.0%      ;
+----------------------------+-------------+


+-----------------------------------------------------------------------------------------------------------------------------------------------------------------+
; Analysis & Synthesis Source Files Read                                                                                                                          ;
+----------------------------------+-----------------+------------------------+-------------------------------------------------------------------------+---------+
; File Name with User-Entered Path ; Used in Netlist ; File Type              ; File Name with Absolute Path                                            ; Library ;
+----------------------------------+-----------------+------------------------+-------------------------------------------------------------------------+---------+
; ../../src/Verilog/nbyn_switch.v  ; yes             ; User Verilog HDL File  ; /home/vipin/workspace/Research/mygit/OpenNoc/src/Verilog/nbyn_switch.v  ;         ;
; ../../src/Verilog/include_file.v ; yes             ; User Verilog HDL File  ; /home/vipin/workspace/Research/mygit/OpenNoc/src/Verilog/include_file.v ;         ;
+----------------------------------+-----------------+------------------------+-------------------------------------------------------------------------+---------+


+-----------------------------------------------------------+
; Analysis & Synthesis Resource Usage Summary               ;
+-----------------------------------------------+-----------+
; Resource                                      ; Usage     ;
+-----------------------------------------------+-----------+
; Estimated ALUTs Used                          ; 53        ;
;     -- Combinational ALUTs                    ; 53        ;
;     -- Memory ALUTs                           ; 0         ;
;     -- LUT_REGs                               ; 0         ;
; Dedicated logic registers                     ; 39        ;
;                                               ;           ;
; Estimated ALUTs Unavailable                   ; 89        ;
;     -- Due to unpartnered combinational logic ; 89        ;
;     -- Due to Memory ALUTs                    ; 0         ;
;                                               ;           ;
; Total combinational functions                 ; 53        ;
; Combinational ALUT usage by number of inputs  ;           ;
;     -- 7 input functions                      ; 0         ;
;     -- 6 input functions                      ; 6         ;
;     -- 5 input functions                      ; 28        ;
;     -- 4 input functions                      ; 13        ;
;     -- <=3 input functions                    ; 6         ;
;                                               ;           ;
; Combinational ALUTs by mode                   ;           ;
;     -- normal mode                            ; 53        ;
;     -- extended LUT mode                      ; 0         ;
;     -- arithmetic mode                        ; 0         ;
;     -- shared arithmetic mode                 ; 0         ;
;                                               ;           ;
; Estimated ALUT/register pairs used            ; 154       ;
;                                               ;           ;
; Total registers                               ; 39        ;
;     -- Dedicated logic registers              ; 39        ;
;     -- I/O registers                          ; 0         ;
;     -- LUT_REGs                               ; 0         ;
;                                               ;           ;
;                                               ;           ;
; Virtual pins                                  ; 83        ;
; I/O pins                                      ; 1         ;
;                                               ;           ;
; DSP block 18-bit elements                     ; 0         ;
;                                               ;           ;
; Maximum fan-out node                          ; clk~input ;
; Maximum fan-out                               ; 39        ;
; Total fan-out                                 ; 423       ;
; Average fan-out                               ; 2.39      ;
+-----------------------------------------------+-----------+


+----------------------------------------------------------------------------------------------------------------------------------------------------------------------------------------------------------------------------------------+
; Analysis & Synthesis Resource Utilization by Entity                                                                                                                                                                                    ;
+----------------------------+---------------------+---------------------------+-------------------+--------------+---------+-----------+-----------+-----------+------+--------------+---------------------+-------------+--------------+
; Compilation Hierarchy Node ; Combinational ALUTs ; Dedicated Logic Registers ; Block Memory Bits ; DSP Elements ; DSP 9x9 ; DSP 12x12 ; DSP 18x18 ; DSP 36x36 ; Pins ; Virtual Pins ; Full Hierarchy Name ; Entity Name ; Library Name ;
+----------------------------+---------------------+---------------------------+-------------------+--------------+---------+-----------+-----------+-----------+------+--------------+---------------------+-------------+--------------+
; |nbyn_switch               ; 53 (53)             ; 39 (39)                   ; 0                 ; 0            ; 0       ; 0         ; 0         ; 0         ; 1    ; 83           ; |nbyn_switch        ; nbyn_switch ; work         ;
+----------------------------+---------------------+---------------------------+-------------------+--------------+---------+-----------+-----------+-----------+------+--------------+---------------------+-------------+--------------+
Note: For table entries with two numbers listed, the numbers in parentheses indicate the number of resources of the given type used by the specific entity alone. The numbers listed outside of parentheses indicate the total resources of the given type used by the specific entity and all of its sub-entities in the hierarchy.


+------------------------------------------------------+
; General Register Statistics                          ;
+----------------------------------------------+-------+
; Statistic                                    ; Value ;
+----------------------------------------------+-------+
; Total registers                              ; 39    ;
; Number of registers using Synchronous Clear  ; 0     ;
; Number of registers using Synchronous Load   ; 12    ;
; Number of registers using Asynchronous Clear ; 0     ;
; Number of registers using Asynchronous Load  ; 0     ;
; Number of registers using Clock Enable       ; 36    ;
; Number of registers using Preset             ; 0     ;
+----------------------------------------------+-------+


+----------------------------------------------------------------------------------------------------------------------------------------------+
; Multiplexer Restructuring Statistics (Restructuring Performed)                                                                               ;
+--------------------+-----------+---------------+----------------------+------------------------+------------+--------------------------------+
; Multiplexer Inputs ; Bus Width ; Baseline Area ; Area if Restructured ; Saving if Restructured ; Registered ; Example Multiplexer Output     ;
+--------------------+-----------+---------------+----------------------+------------------------+------------+--------------------------------+
; 4:1                ; 12 bits   ; 24 ALUTs      ; 0 ALUTs              ; 24 ALUTs               ; Yes        ; |nbyn_switch|o_data_pe[3]~reg0 ;
; 7:1                ; 12 bits   ; 48 ALUTs      ; 24 ALUTs             ; 24 ALUTs               ; Yes        ; |nbyn_switch|o_data_t[11]~reg0 ;
+--------------------+-----------+---------------+----------------------+------------------------+------------+--------------------------------+


+-----------------------------------------------------------------------------+
; Parameter Settings for User Entity Instance: Top-level Entity: |nbyn_switch ;
+----------------+----------------------------------+-------------------------+
; Parameter Name ; Value                            ; Type                    ;
+----------------+----------------------------------+-------------------------+
; x_coord        ; 00000000000000000000000000000000 ; Unsigned Binary         ;
; y_coord        ; 00000000000000000000000000000000 ; Unsigned Binary         ;
+----------------+----------------------------------+-------------------------+
Note: In order to hide this table in the UI and the text report file, please set the "Show Parameter Settings in Synthesis Report" option in "Analysis and Synthesis Settings -> More Settings" to "Off".


+-----------------------------------------------------+
; Post-Synthesis Netlist Statistics for Top Partition ;
+-----------------------+-----------------------------+
; Type                  ; Count                       ;
+-----------------------+-----------------------------+
; arriaii_ff            ; 39                          ;
;     ENA               ; 24                          ;
;     ENA SLD           ; 12                          ;
;     plain             ; 3                           ;
; boundary_port         ; 84                          ;
; stratixiv_lcell_comb  ; 55                          ;
;     normal            ; 55                          ;
;         0 data inputs ; 1                           ;
;         1 data inputs ; 1                           ;
;         2 data inputs ; 2                           ;
;         3 data inputs ; 4                           ;
;         4 data inputs ; 13                          ;
;         5 data inputs ; 28                          ;
;         6 data inputs ; 6                           ;
;                       ;                             ;
; Max LUT depth         ; 3.00                        ;
; Average LUT depth     ; 1.59                        ;
+-----------------------+-----------------------------+


+-------------------------------+
; Elapsed Time Per Partition    ;
+----------------+--------------+
; Partition Name ; Elapsed Time ;
+----------------+--------------+
; Top            ; 00:00:01     ;
+----------------+--------------+


+-------------------------------+
; Analysis & Synthesis Messages ;
+-------------------------------+
Info: *******************************************************************
Info: Running Quartus Prime Analysis & Synthesis
    Info: Version 17.0.0 Build 595 04/25/2017 SJ Lite Edition
    Info: Processing started: Tue Oct 24 12:26:26 2017
Info: Command: quartus_map --read_settings_files=on --write_settings_files=off openNoc -c nbyn
Warning (18236): Number of processors has not been specified which may cause overloading on shared machines.  Set the global assignment NUM_PARALLEL_PROCESSORS in your QSF to an appropriate value for best performance.
Info (20030): Parallel compilation is enabled and will use 4 of the 4 processors detected
Info (12021): Found 1 design units, including 1 entities, in source file /home/vipin/workspace/Research/mygit/OpenNoc/src/Verilog/nbyn_switch.v
    Info (12023): Found entity 1: nbyn_switch File: /home/vipin/workspace/Research/mygit/OpenNoc/src/Verilog/nbyn_switch.v Line: 5
Info (12021): Found 0 design units, including 0 entities, in source file /home/vipin/workspace/Research/mygit/OpenNoc/src/Verilog/include_file.v
Info (12127): Elaborating entity "nbyn_switch" for the top level hierarchy
Warning (13024): Output pins are stuck at VCC or GND
    Warning (13410): Pin "o_ready_l" is stuck at VCC File: /home/vipin/workspace/Research/mygit/OpenNoc/src/Verilog/nbyn_switch.v Line: 14
    Warning (13410): Pin "o_ready_b" is stuck at VCC File: /home/vipin/workspace/Research/mygit/OpenNoc/src/Verilog/nbyn_switch.v Line: 15
Info (286030): Timing-Driven Synthesis is running
Info (128000): Starting physical synthesis optimizations for speed
Info (332104): Reading SDC File: 'switch.sdc'
Info (332143): No user constrained clock uncertainty found in the design. Calling "derive_clock_uncertainty"
Info (332154): The derive_clock_uncertainty command did not apply clock uncertainty to any clock-to-clock transfers.
Info (332129): Detected timing requirements -- optimizing circuit to achieve only the specified requirements
Info (332111): Found 1 clocks
    Info (332111):   Period   Clock Name
    Info (332111): ======== ============
    Info (332111):    4.000          clk
Info (128002): Starting physical synthesis algorithm register retiming
Info (128003): Physical synthesis algorithm register retiming complete: estimated slack improvement of 0 ps
Info (128002): Starting physical synthesis algorithm combinational resynthesis using boolean division
Info (128003): Physical synthesis algorithm combinational resynthesis using boolean division complete: estimated slack improvement of 0 ps
Info (128002): Starting physical synthesis algorithm register retiming
Info (128003): Physical synthesis algorithm register retiming complete: estimated slack improvement of 0 ps
Info (128002): Starting physical synthesis algorithm combinational resynthesis using boolean division
Info (128003): Physical synthesis algorithm combinational resynthesis using boolean division complete: estimated slack improvement of 0 ps
Info (128001): Physical synthesis optimizations for speed complete: elapsed time is 00:00:00
Info (16010): Generating hard_block partition "hard_block:auto_generated_inst"
    Info (16011): Adding 0 node(s), including 0 DDIO, 0 PLL, 0 transceiver and 0 LCELL
Info (15717): Design contains 83 virtual pins; timing numbers associated with paths containing virtual pins are estimates
    Info (15719): Pin "o_ready_l" is virtual output pin File: /home/vipin/workspace/Research/mygit/OpenNoc/src/Verilog/nbyn_switch.v Line: 14
    Info (15719): Pin "o_ready_b" is virtual output pin File: /home/vipin/workspace/Research/mygit/OpenNoc/src/Verilog/nbyn_switch.v Line: 15
    Info (15719): Pin "o_ready_pe" is virtual output pin File: /home/vipin/workspace/Research/mygit/OpenNoc/src/Verilog/nbyn_switch.v Line: 16
    Info (15719): Pin "o_valid_r" is virtual output pin File: /home/vipin/workspace/Research/mygit/OpenNoc/src/Verilog/nbyn_switch.v Line: 17
    Info (15719): Pin "o_valid_t" is virtual output pin File: /home/vipin/workspace/Research/mygit/OpenNoc/src/Verilog/nbyn_switch.v Line: 18
    Info (15719): Pin "o_valid_pe" is virtual output pin File: /home/vipin/workspace/Research/mygit/OpenNoc/src/Verilog/nbyn_switch.v Line: 19
    Info (15719): Pin "o_data_r[0]" is virtual output pin File: /home/vipin/workspace/Research/mygit/OpenNoc/src/Verilog/nbyn_switch.v Line: 99
    Info (15719): Pin "o_data_r[1]" is virtual output pin File: /home/vipin/workspace/Research/mygit/OpenNoc/src/Verilog/nbyn_switch.v Line: 99
    Info (15719): Pin "o_data_r[2]" is virtual output pin File: /home/vipin/workspace/Research/mygit/OpenNoc/src/Verilog/nbyn_switch.v Line: 99
    Info (15719): Pin "o_data_r[3]" is virtual output pin File: /home/vipin/workspace/Research/mygit/OpenNoc/src/Verilog/nbyn_switch.v Line: 99
    Info (15719): Pin "o_data_r[4]" is virtual output pin File: /home/vipin/workspace/Research/mygit/OpenNoc/src/Verilog/nbyn_switch.v Line: 99
    Info (15719): Pin "o_data_r[5]" is virtual output pin File: /home/vipin/workspace/Research/mygit/OpenNoc/src/Verilog/nbyn_switch.v Line: 99
    Info (15719): Pin "o_data_r[6]" is virtual output pin File: /home/vipin/workspace/Research/mygit/OpenNoc/src/Verilog/nbyn_switch.v Line: 99
    Info (15719): Pin "o_data_r[7]" is virtual output pin File: /home/vipin/workspace/Research/mygit/OpenNoc/src/Verilog/nbyn_switch.v Line: 99
    Info (15719): Pin "o_data_r[8]" is virtual output pin File: /home/vipin/workspace/Research/mygit/OpenNoc/src/Verilog/nbyn_switch.v Line: 99
    Info (15719): Pin "o_data_r[9]" is virtual output pin File: /home/vipin/workspace/Research/mygit/OpenNoc/src/Verilog/nbyn_switch.v Line: 99
    Info (15719): Pin "o_data_r[10]" is virtual output pin File: /home/vipin/workspace/Research/mygit/OpenNoc/src/Verilog/nbyn_switch.v Line: 99
    Info (15719): Pin "o_data_r[11]" is virtual output pin File: /home/vipin/workspace/Research/mygit/OpenNoc/src/Verilog/nbyn_switch.v Line: 99
    Info (15719): Pin "o_data_t[0]" is virtual output pin File: /home/vipin/workspace/Research/mygit/OpenNoc/src/Verilog/nbyn_switch.v Line: 156
    Info (15719): Pin "o_data_t[1]" is virtual output pin File: /home/vipin/workspace/Research/mygit/OpenNoc/src/Verilog/nbyn_switch.v Line: 156
    Info (15719): Pin "o_data_t[2]" is virtual output pin File: /home/vipin/workspace/Research/mygit/OpenNoc/src/Verilog/nbyn_switch.v Line: 156
    Info (15719): Pin "o_data_t[3]" is virtual output pin File: /home/vipin/workspace/Research/mygit/OpenNoc/src/Verilog/nbyn_switch.v Line: 156
    Info (15719): Pin "o_data_t[4]" is virtual output pin File: /home/vipin/workspace/Research/mygit/OpenNoc/src/Verilog/nbyn_switch.v Line: 156
    Info (15719): Pin "o_data_t[5]" is virtual output pin File: /home/vipin/workspace/Research/mygit/OpenNoc/src/Verilog/nbyn_switch.v Line: 156
    Info (15719): Pin "o_data_t[6]" is virtual output pin File: /home/vipin/workspace/Research/mygit/OpenNoc/src/Verilog/nbyn_switch.v Line: 156
    Info (15719): Pin "o_data_t[7]" is virtual output pin File: /home/vipin/workspace/Research/mygit/OpenNoc/src/Verilog/nbyn_switch.v Line: 156
    Info (15719): Pin "o_data_t[8]" is virtual output pin File: /home/vipin/workspace/Research/mygit/OpenNoc/src/Verilog/nbyn_switch.v Line: 156
    Info (15719): Pin "o_data_t[9]" is virtual output pin File: /home/vipin/workspace/Research/mygit/OpenNoc/src/Verilog/nbyn_switch.v Line: 156
    Info (15719): Pin "o_data_t[10]" is virtual output pin File: /home/vipin/workspace/Research/mygit/OpenNoc/src/Verilog/nbyn_switch.v Line: 156
    Info (15719): Pin "o_data_t[11]" is virtual output pin File: /home/vipin/workspace/Research/mygit/OpenNoc/src/Verilog/nbyn_switch.v Line: 156
    Info (15719): Pin "o_data_pe[0]" is virtual output pin File: /home/vipin/workspace/Research/mygit/OpenNoc/src/Verilog/nbyn_switch.v Line: 220
    Info (15719): Pin "o_data_pe[1]" is virtual output pin File: /home/vipin/workspace/Research/mygit/OpenNoc/src/Verilog/nbyn_switch.v Line: 220
    Info (15719): Pin "o_data_pe[2]" is virtual output pin File: /home/vipin/workspace/Research/mygit/OpenNoc/src/Verilog/nbyn_switch.v Line: 220
    Info (15719): Pin "o_data_pe[3]" is virtual output pin File: /home/vipin/workspace/Research/mygit/OpenNoc/src/Verilog/nbyn_switch.v Line: 220
    Info (15719): Pin "o_data_pe[4]" is virtual output pin File: /home/vipin/workspace/Research/mygit/OpenNoc/src/Verilog/nbyn_switch.v Line: 220
    Info (15719): Pin "o_data_pe[5]" is virtual output pin File: /home/vipin/workspace/Research/mygit/OpenNoc/src/Verilog/nbyn_switch.v Line: 220
    Info (15719): Pin "o_data_pe[6]" is virtual output pin File: /home/vipin/workspace/Research/mygit/OpenNoc/src/Verilog/nbyn_switch.v Line: 220
    Info (15719): Pin "o_data_pe[7]" is virtual output pin File: /home/vipin/workspace/Research/mygit/OpenNoc/src/Verilog/nbyn_switch.v Line: 220
    Info (15719): Pin "o_data_pe[8]" is virtual output pin File: /home/vipin/workspace/Research/mygit/OpenNoc/src/Verilog/nbyn_switch.v Line: 220
    Info (15719): Pin "o_data_pe[9]" is virtual output pin File: /home/vipin/workspace/Research/mygit/OpenNoc/src/Verilog/nbyn_switch.v Line: 220
    Info (15719): Pin "o_data_pe[10]" is virtual output pin File: /home/vipin/workspace/Research/mygit/OpenNoc/src/Verilog/nbyn_switch.v Line: 220
    Info (15719): Pin "o_data_pe[11]" is virtual output pin File: /home/vipin/workspace/Research/mygit/OpenNoc/src/Verilog/nbyn_switch.v Line: 220
    Info (15718): Pin "i_valid_l" is virtual input pin File: /home/vipin/workspace/Research/mygit/OpenNoc/src/Verilog/nbyn_switch.v Line: 11
    Info (15718): Pin "i_valid_b" is virtual input pin File: /home/vipin/workspace/Research/mygit/OpenNoc/src/Verilog/nbyn_switch.v Line: 12
    Info (15718): Pin "i_data_b[0]" is virtual input pin File: /home/vipin/workspace/Research/mygit/OpenNoc/src/Verilog/nbyn_switch.v Line: 21
    Info (15718): Pin "i_data_b[1]" is virtual input pin File: /home/vipin/workspace/Research/mygit/OpenNoc/src/Verilog/nbyn_switch.v Line: 21
    Info (15718): Pin "i_data_l[0]" is virtual input pin File: /home/vipin/workspace/Research/mygit/OpenNoc/src/Verilog/nbyn_switch.v Line: 20
    Info (15718): Pin "i_ready_t" is virtual input pin File: /home/vipin/workspace/Research/mygit/OpenNoc/src/Verilog/nbyn_switch.v Line: 9
    Info (15718): Pin "i_ready_r" is virtual input pin File: /home/vipin/workspace/Research/mygit/OpenNoc/src/Verilog/nbyn_switch.v Line: 8
    Info (15718): Pin "i_data_l[1]" is virtual input pin File: /home/vipin/workspace/Research/mygit/OpenNoc/src/Verilog/nbyn_switch.v Line: 20
    Info (15718): Pin "i_data_pe[1]" is virtual input pin File: /home/vipin/workspace/Research/mygit/OpenNoc/src/Verilog/nbyn_switch.v Line: 22
    Info (15718): Pin "i_valid_pe" is virtual input pin File: /home/vipin/workspace/Research/mygit/OpenNoc/src/Verilog/nbyn_switch.v Line: 13
    Info (15718): Pin "i_data_pe[0]" is virtual input pin File: /home/vipin/workspace/Research/mygit/OpenNoc/src/Verilog/nbyn_switch.v Line: 22
    Info (15718): Pin "i_data_l[2]" is virtual input pin File: /home/vipin/workspace/Research/mygit/OpenNoc/src/Verilog/nbyn_switch.v Line: 20
    Info (15718): Pin "i_data_b[2]" is virtual input pin File: /home/vipin/workspace/Research/mygit/OpenNoc/src/Verilog/nbyn_switch.v Line: 21
    Info (15718): Pin "i_data_pe[2]" is virtual input pin File: /home/vipin/workspace/Research/mygit/OpenNoc/src/Verilog/nbyn_switch.v Line: 22
    Info (15718): Pin "i_data_l[3]" is virtual input pin File: /home/vipin/workspace/Research/mygit/OpenNoc/src/Verilog/nbyn_switch.v Line: 20
    Info (15718): Pin "i_data_b[3]" is virtual input pin File: /home/vipin/workspace/Research/mygit/OpenNoc/src/Verilog/nbyn_switch.v Line: 21
    Info (15718): Pin "i_data_pe[3]" is virtual input pin File: /home/vipin/workspace/Research/mygit/OpenNoc/src/Verilog/nbyn_switch.v Line: 22
    Info (15718): Pin "i_data_l[4]" is virtual input pin File: /home/vipin/workspace/Research/mygit/OpenNoc/src/Verilog/nbyn_switch.v Line: 20
    Info (15718): Pin "i_data_b[4]" is virtual input pin File: /home/vipin/workspace/Research/mygit/OpenNoc/src/Verilog/nbyn_switch.v Line: 21
    Info (15718): Pin "i_data_pe[4]" is virtual input pin File: /home/vipin/workspace/Research/mygit/OpenNoc/src/Verilog/nbyn_switch.v Line: 22
    Info (15718): Pin "i_data_l[5]" is virtual input pin File: /home/vipin/workspace/Research/mygit/OpenNoc/src/Verilog/nbyn_switch.v Line: 20
    Info (15718): Pin "i_data_b[5]" is virtual input pin File: /home/vipin/workspace/Research/mygit/OpenNoc/src/Verilog/nbyn_switch.v Line: 21
    Info (15718): Pin "i_data_pe[5]" is virtual input pin File: /home/vipin/workspace/Research/mygit/OpenNoc/src/Verilog/nbyn_switch.v Line: 22
    Info (15718): Pin "i_data_l[6]" is virtual input pin File: /home/vipin/workspace/Research/mygit/OpenNoc/src/Verilog/nbyn_switch.v Line: 20
    Info (15718): Pin "i_data_b[6]" is virtual input pin File: /home/vipin/workspace/Research/mygit/OpenNoc/src/Verilog/nbyn_switch.v Line: 21
    Info (15718): Pin "i_data_pe[6]" is virtual input pin File: /home/vipin/workspace/Research/mygit/OpenNoc/src/Verilog/nbyn_switch.v Line: 22
    Info (15718): Pin "i_data_l[7]" is virtual input pin File: /home/vipin/workspace/Research/mygit/OpenNoc/src/Verilog/nbyn_switch.v Line: 20
    Info (15718): Pin "i_data_b[7]" is virtual input pin File: /home/vipin/workspace/Research/mygit/OpenNoc/src/Verilog/nbyn_switch.v Line: 21
    Info (15718): Pin "i_data_pe[7]" is virtual input pin File: /home/vipin/workspace/Research/mygit/OpenNoc/src/Verilog/nbyn_switch.v Line: 22
    Info (15718): Pin "i_data_l[8]" is virtual input pin File: /home/vipin/workspace/Research/mygit/OpenNoc/src/Verilog/nbyn_switch.v Line: 20
    Info (15718): Pin "i_data_b[8]" is virtual input pin File: /home/vipin/workspace/Research/mygit/OpenNoc/src/Verilog/nbyn_switch.v Line: 21
    Info (15718): Pin "i_data_pe[8]" is virtual input pin File: /home/vipin/workspace/Research/mygit/OpenNoc/src/Verilog/nbyn_switch.v Line: 22
    Info (15718): Pin "i_data_l[9]" is virtual input pin File: /home/vipin/workspace/Research/mygit/OpenNoc/src/Verilog/nbyn_switch.v Line: 20
    Info (15718): Pin "i_data_b[9]" is virtual input pin File: /home/vipin/workspace/Research/mygit/OpenNoc/src/Verilog/nbyn_switch.v Line: 21
    Info (15718): Pin "i_data_pe[9]" is virtual input pin File: /home/vipin/workspace/Research/mygit/OpenNoc/src/Verilog/nbyn_switch.v Line: 22
    Info (15718): Pin "i_data_l[10]" is virtual input pin File: /home/vipin/workspace/Research/mygit/OpenNoc/src/Verilog/nbyn_switch.v Line: 20
    Info (15718): Pin "i_data_b[10]" is virtual input pin File: /home/vipin/workspace/Research/mygit/OpenNoc/src/Verilog/nbyn_switch.v Line: 21
    Info (15718): Pin "i_data_pe[10]" is virtual input pin File: /home/vipin/workspace/Research/mygit/OpenNoc/src/Verilog/nbyn_switch.v Line: 22
    Info (15718): Pin "i_data_l[11]" is virtual input pin File: /home/vipin/workspace/Research/mygit/OpenNoc/src/Verilog/nbyn_switch.v Line: 20
    Info (15718): Pin "i_data_b[11]" is virtual input pin File: /home/vipin/workspace/Research/mygit/OpenNoc/src/Verilog/nbyn_switch.v Line: 21
    Info (15718): Pin "i_data_pe[11]" is virtual input pin File: /home/vipin/workspace/Research/mygit/OpenNoc/src/Verilog/nbyn_switch.v Line: 22
Info (21057): Implemented 150 device resources after synthesis - the final resource count might be different
    Info (21058): Implemented 1 input pins
    Info (21059): Implemented 0 output pins
    Info (21061): Implemented 149 logic cells
Info: Quartus Prime Analysis & Synthesis was successful. 0 errors, 4 warnings
    Info: Peak virtual memory: 1159 megabytes
    Info: Processing ended: Tue Oct 24 12:26:36 2017
    Info: Elapsed time: 00:00:10
    Info: Total CPU time (on all processors): 00:00:22


