#-----------------------------------------------------------
# Vivado v2015.4 (64-bit)
# SW Build 1412921 on Wed Nov 18 09:43:45 MST 2015
# IP Build 1412160 on Tue Nov 17 13:47:24 MST 2015
# Start of session at: Tue Aug 08 22:58:48 2017
# Process ID: 14668
# Current directory: D:/mygit/NocProject/dyract
# Command line: vivado.exe -gui_launcher_event rodinguilauncherevent6396 D:\mygit\NocProject\dyract\dyract.xpr
# Log file: D:/mygit/NocProject/dyract/vivado.log
# Journal file: D:/mygit/NocProject/dyract\vivado.jou
#-----------------------------------------------------------
start_gui
open_project D:/mygit/NocProject/dyract/dyract.xpr
INFO: [Project 1-313] Project file moved from 'G:/mygit/epfl_dyract/dyract' since last save.
Scanning sources...
Finished scanning sources
WARNING: [filemgmt 56-2] IPUserFilesDir: Could not find the directory 'D:/mygit/NocProject/dyract/dyract.ip_user_files', nor could it be found using path 'G:/mygit/epfl_dyract/dyract/dyract.ip_user_files'.
WARNING: [filemgmt 56-2] IPStaticSourceDir: Could not find the directory 'D:/mygit/NocProject/dyract/dyract.ip_user_files/ipstatic', nor could it be found using path 'G:/mygit/epfl_dyract/dyract/dyract.ip_user_files/ipstatic'.
INFO: [IP_Flow 19-234] Refreshing IP repositories
INFO: [IP_Flow 19-1700] Loaded user IP repository 'd:/mygit/NocProject/dyract'.
INFO: [IP_Flow 19-2313] Loaded Vivado IP repository 'C:/Xilinx/Vivado/2015.4/data/ip'.
WARNING: [IP_Flow 19-3664] IP 'pcie3_7x_0' generated file not found 'd:/mygit/NocProject/dyract/dyract.srcs/sources_1/ip/pcie3_7x_0/pcie3_7x_0.vho'. Please regenerate to continue.
WARNING: [IP_Flow 19-3664] IP 'pcie3_7x_0' generated file not found 'd:/mygit/NocProject/dyract/dyract.srcs/sources_1/ip/pcie3_7x_0/pcie3_7x_0.veo'. Please regenerate to continue.
WARNING: [IP_Flow 19-3664] IP 'pcie3_7x_0' generated file not found 'd:/mygit/NocProject/dyract/dyract.srcs/sources_1/ip/pcie3_7x_0/source/pcie3_7x_0_pcie_tlp_tph_tbl_7vx.v'. Please regenerate to continue.
WARNING: [IP_Flow 19-3664] IP 'pcie3_7x_0' generated file not found 'd:/mygit/NocProject/dyract/dyract.srcs/sources_1/ip/pcie3_7x_0/source/pcie3_7x_0_pcie_7vx.v'. Please regenerate to continue.
WARNING: [IP_Flow 19-3664] IP 'pcie3_7x_0' generated file not found 'd:/mygit/NocProject/dyract/dyract.srcs/sources_1/ip/pcie3_7x_0/source/pcie3_7x_0_pcie_bram_7vx.v'. Please regenerate to continue.
WARNING: [IP_Flow 19-3664] IP 'pcie3_7x_0' generated file not found 'd:/mygit/NocProject/dyract/dyract.srcs/sources_1/ip/pcie3_7x_0/source/pcie3_7x_0_pcie_bram_7vx_8k.v'. Please regenerate to continue.
WARNING: [IP_Flow 19-3664] IP 'pcie3_7x_0' generated file not found 'd:/mygit/NocProject/dyract/dyract.srcs/sources_1/ip/pcie3_7x_0/source/pcie3_7x_0_pcie_bram_7vx_16k.v'. Please regenerate to continue.
WARNING: [IP_Flow 19-3664] IP 'pcie3_7x_0' generated file not found 'd:/mygit/NocProject/dyract/dyract.srcs/sources_1/ip/pcie3_7x_0/source/pcie3_7x_0_pcie_bram_7vx_cpl.v'. Please regenerate to continue.
WARNING: [IP_Flow 19-3664] IP 'pcie3_7x_0' generated file not found 'd:/mygit/NocProject/dyract/dyract.srcs/sources_1/ip/pcie3_7x_0/source/pcie3_7x_0_pcie_bram_7vx_rep.v'. Please regenerate to continue.
WARNING: [IP_Flow 19-3664] IP 'pcie3_7x_0' generated file not found 'd:/mygit/NocProject/dyract/dyract.srcs/sources_1/ip/pcie3_7x_0/source/pcie3_7x_0_pcie_bram_7vx_rep_8k.v'. Please regenerate to continue.
WARNING: [IP_Flow 19-3664] IP 'pcie3_7x_0' generated file not found 'd:/mygit/NocProject/dyract/dyract.srcs/sources_1/ip/pcie3_7x_0/source/pcie3_7x_0_pcie_bram_7vx_req.v'. Please regenerate to continue.
WARNING: [IP_Flow 19-3664] IP 'pcie3_7x_0' generated file not found 'd:/mygit/NocProject/dyract/dyract.srcs/sources_1/ip/pcie3_7x_0/source/pcie3_7x_0_pcie_init_ctrl_7vx.v'. Please regenerate to continue.
WARNING: [IP_Flow 19-3664] IP 'pcie3_7x_0' generated file not found 'd:/mygit/NocProject/dyract/dyract.srcs/sources_1/ip/pcie3_7x_0/source/pcie3_7x_0_pcie_pipe_lane.v'. Please regenerate to continue.
WARNING: [IP_Flow 19-3664] IP 'pcie3_7x_0' generated file not found 'd:/mygit/NocProject/dyract/dyract.srcs/sources_1/ip/pcie3_7x_0/source/pcie3_7x_0_pcie_pipe_misc.v'. Please regenerate to continue.
WARNING: [IP_Flow 19-3664] IP 'pcie3_7x_0' generated file not found 'd:/mygit/NocProject/dyract/dyract.srcs/sources_1/ip/pcie3_7x_0/source/pcie3_7x_0_pcie_pipe_pipeline.v'. Please regenerate to continue.
WARNING: [IP_Flow 19-3664] IP 'pcie3_7x_0' generated file not found 'd:/mygit/NocProject/dyract/dyract.srcs/sources_1/ip/pcie3_7x_0/source/pcie3_7x_0_pcie_top.v'. Please regenerate to continue.
WARNING: [IP_Flow 19-3664] IP 'pcie3_7x_0' generated file not found 'd:/mygit/NocProject/dyract/dyract.srcs/sources_1/ip/pcie3_7x_0/source/pcie3_7x_0_pcie_force_adapt.v'. Please regenerate to continue.
WARNING: [IP_Flow 19-3664] IP 'pcie3_7x_0' generated file not found 'd:/mygit/NocProject/dyract/dyract.srcs/sources_1/ip/pcie3_7x_0/source/pcie3_7x_0_pipe_drp.v'. Please regenerate to continue.
WARNING: [IP_Flow 19-3664] IP 'pcie3_7x_0' generated file not found 'd:/mygit/NocProject/dyract/dyract.srcs/sources_1/ip/pcie3_7x_0/source/pcie3_7x_0_pipe_eq.v'. Please regenerate to continue.
WARNING: [IP_Flow 19-3664] IP 'pcie3_7x_0' generated file not found 'd:/mygit/NocProject/dyract/dyract.srcs/sources_1/ip/pcie3_7x_0/source/pcie3_7x_0_pipe_rate.v'. Please regenerate to continue.
WARNING: [IP_Flow 19-3664] IP 'pcie3_7x_0' generated file not found 'd:/mygit/NocProject/dyract/dyract.srcs/sources_1/ip/pcie3_7x_0/source/pcie3_7x_0_pipe_reset.v'. Please regenerate to continue.
WARNING: [IP_Flow 19-3664] IP 'pcie3_7x_0' generated file not found 'd:/mygit/NocProject/dyract/dyract.srcs/sources_1/ip/pcie3_7x_0/source/pcie3_7x_0_pipe_sync.v'. Please regenerate to continue.
WARNING: [IP_Flow 19-3664] IP 'pcie3_7x_0' generated file not found 'd:/mygit/NocProject/dyract/dyract.srcs/sources_1/ip/pcie3_7x_0/source/pcie3_7x_0_pipe_user.v'. Please regenerate to continue.
WARNING: [IP_Flow 19-3664] IP 'pcie3_7x_0' generated file not found 'd:/mygit/NocProject/dyract/dyract.srcs/sources_1/ip/pcie3_7x_0/source/pcie3_7x_0_pipe_wrapper.v'. Please regenerate to continue.
WARNING: [IP_Flow 19-3664] IP 'pcie3_7x_0' generated file not found 'd:/mygit/NocProject/dyract/dyract.srcs/sources_1/ip/pcie3_7x_0/source/pcie3_7x_0_qpll_drp.v'. Please regenerate to continue.
WARNING: [IP_Flow 19-3664] IP 'pcie3_7x_0' generated file not found 'd:/mygit/NocProject/dyract/dyract.srcs/sources_1/ip/pcie3_7x_0/source/pcie3_7x_0_qpll_reset.v'. Please regenerate to continue.
WARNING: [IP_Flow 19-3664] IP 'pcie3_7x_0' generated file not found 'd:/mygit/NocProject/dyract/dyract.srcs/sources_1/ip/pcie3_7x_0/source/pcie3_7x_0_qpll_wrapper.v'. Please regenerate to continue.
WARNING: [IP_Flow 19-3664] IP 'pcie3_7x_0' generated file not found 'd:/mygit/NocProject/dyract/dyract.srcs/sources_1/ip/pcie3_7x_0/source/pcie3_7x_0_rxeq_scan.v'. Please regenerate to continue.
WARNING: [IP_Flow 19-3664] IP 'pcie3_7x_0' generated file not found 'd:/mygit/NocProject/dyract/dyract.srcs/sources_1/ip/pcie3_7x_0/source/pcie3_7x_0_gt_wrapper.v'. Please regenerate to continue.
WARNING: [IP_Flow 19-3664] IP 'pcie3_7x_0' generated file not found 'd:/mygit/NocProject/dyract/dyract.srcs/sources_1/ip/pcie3_7x_0/source/pcie3_7x_0_gt_top.v'. Please regenerate to continue.
WARNING: [IP_Flow 19-3664] IP 'pcie3_7x_0' generated file not found 'd:/mygit/NocProject/dyract/dyract.srcs/sources_1/ip/pcie3_7x_0/source/pcie3_7x_0_gt_common.v'. Please regenerate to continue.
WARNING: [IP_Flow 19-3664] IP 'pcie3_7x_0' generated file not found 'd:/mygit/NocProject/dyract/dyract.srcs/sources_1/ip/pcie3_7x_0/source/pcie3_7x_0_gtx_cpllpd_ovrd.v'. Please regenerate to continue.
WARNING: [IP_Flow 19-3664] IP 'pcie3_7x_0' generated file not found 'd:/mygit/NocProject/dyract/dyract.srcs/sources_1/ip/pcie3_7x_0/source/pcie3_7x_0-PCIE_X0Y1.xdc'. Please regenerate to continue.
WARNING: [IP_Flow 19-3664] IP 'pcie3_7x_0' generated file not found 'd:/mygit/NocProject/dyract/dyract.srcs/sources_1/ip/pcie3_7x_0/synth/pcie3_7x_0_ooc.xdc'. Please regenerate to continue.
WARNING: [IP_Flow 19-3664] IP 'pcie3_7x_0' generated file not found 'd:/mygit/NocProject/dyract/dyract.srcs/sources_1/ip/pcie3_7x_0/source/pcie3_7x_0_pcie_3_0_7vx.v'. Please regenerate to continue.
WARNING: [IP_Flow 19-3664] IP 'pcie3_7x_0' generated file not found 'd:/mygit/NocProject/dyract/dyract.srcs/sources_1/ip/pcie3_7x_0/synth/pcie3_7x_0.v'. Please regenerate to continue.
WARNING: [IP_Flow 19-3664] IP 'pcie3_7x_0' generated file not found 'd:/mygit/NocProject/dyract/dyract.srcs/sources_1/ip/pcie3_7x_0/source/pcie3_7x_0_pcie_7vx.v'. Please regenerate to continue.
WARNING: [IP_Flow 19-3664] IP 'pcie3_7x_0' generated file not found 'd:/mygit/NocProject/dyract/dyract.srcs/sources_1/ip/pcie3_7x_0/source/pcie3_7x_0_pcie_bram_7vx.v'. Please regenerate to continue.
WARNING: [IP_Flow 19-3664] IP 'pcie3_7x_0' generated file not found 'd:/mygit/NocProject/dyract/dyract.srcs/sources_1/ip/pcie3_7x_0/source/pcie3_7x_0_pcie_bram_7vx_8k.v'. Please regenerate to continue.
WARNING: [IP_Flow 19-3664] IP 'pcie3_7x_0' generated file not found 'd:/mygit/NocProject/dyract/dyract.srcs/sources_1/ip/pcie3_7x_0/source/pcie3_7x_0_pcie_bram_7vx_16k.v'. Please regenerate to continue.
WARNING: [IP_Flow 19-3664] IP 'pcie3_7x_0' generated file not found 'd:/mygit/NocProject/dyract/dyract.srcs/sources_1/ip/pcie3_7x_0/source/pcie3_7x_0_pcie_bram_7vx_cpl.v'. Please regenerate to continue.
WARNING: [IP_Flow 19-3664] IP 'pcie3_7x_0' generated file not found 'd:/mygit/NocProject/dyract/dyract.srcs/sources_1/ip/pcie3_7x_0/source/pcie3_7x_0_pcie_bram_7vx_rep.v'. Please regenerate to continue.
WARNING: [IP_Flow 19-3664] IP 'pcie3_7x_0' generated file not found 'd:/mygit/NocProject/dyract/dyract.srcs/sources_1/ip/pcie3_7x_0/source/pcie3_7x_0_pcie_bram_7vx_rep_8k.v'. Please regenerate to continue.
WARNING: [IP_Flow 19-3664] IP 'pcie3_7x_0' generated file not found 'd:/mygit/NocProject/dyract/dyract.srcs/sources_1/ip/pcie3_7x_0/source/pcie3_7x_0_pcie_bram_7vx_req.v'. Please regenerate to continue.
WARNING: [IP_Flow 19-3664] IP 'pcie3_7x_0' generated file not found 'd:/mygit/NocProject/dyract/dyract.srcs/sources_1/ip/pcie3_7x_0/source/pcie3_7x_0_pcie_init_ctrl_7vx.v'. Please regenerate to continue.
WARNING: [IP_Flow 19-3664] IP 'pcie3_7x_0' generated file not found 'd:/mygit/NocProject/dyract/dyract.srcs/sources_1/ip/pcie3_7x_0/source/pcie3_7x_0_pcie_pipe_lane.v'. Please regenerate to continue.
WARNING: [IP_Flow 19-3664] IP 'pcie3_7x_0' generated file not found 'd:/mygit/NocProject/dyract/dyract.srcs/sources_1/ip/pcie3_7x_0/source/pcie3_7x_0_pcie_pipe_misc.v'. Please regenerate to continue.
WARNING: [IP_Flow 19-3664] IP 'pcie3_7x_0' generated file not found 'd:/mygit/NocProject/dyract/dyract.srcs/sources_1/ip/pcie3_7x_0/source/pcie3_7x_0_pcie_pipe_pipeline.v'. Please regenerate to continue.
WARNING: [IP_Flow 19-3664] IP 'pcie3_7x_0' generated file not found 'd:/mygit/NocProject/dyract/dyract.srcs/sources_1/ip/pcie3_7x_0/source/pcie3_7x_0_pcie_top.v'. Please regenerate to continue.
WARNING: [IP_Flow 19-3664] IP 'pcie3_7x_0' generated file not found 'd:/mygit/NocProject/dyract/dyract.srcs/sources_1/ip/pcie3_7x_0/source/pcie3_7x_0_pcie_force_adapt.v'. Please regenerate to continue.
WARNING: [IP_Flow 19-3664] IP 'pcie3_7x_0' generated file not found 'd:/mygit/NocProject/dyract/dyract.srcs/sources_1/ip/pcie3_7x_0/source/pcie3_7x_0_pipe_drp.v'. Please regenerate to continue.
WARNING: [IP_Flow 19-3664] IP 'pcie3_7x_0' generated file not found 'd:/mygit/NocProject/dyract/dyract.srcs/sources_1/ip/pcie3_7x_0/source/pcie3_7x_0_pipe_eq.v'. Please regenerate to continue.
WARNING: [IP_Flow 19-3664] IP 'pcie3_7x_0' generated file not found 'd:/mygit/NocProject/dyract/dyract.srcs/sources_1/ip/pcie3_7x_0/source/pcie3_7x_0_pipe_rate.v'. Please regenerate to continue.
WARNING: [IP_Flow 19-3664] IP 'pcie3_7x_0' generated file not found 'd:/mygit/NocProject/dyract/dyract.srcs/sources_1/ip/pcie3_7x_0/source/pcie3_7x_0_pipe_reset.v'. Please regenerate to continue.
WARNING: [IP_Flow 19-3664] IP 'pcie3_7x_0' generated file not found 'd:/mygit/NocProject/dyract/dyract.srcs/sources_1/ip/pcie3_7x_0/source/pcie3_7x_0_pipe_sync.v'. Please regenerate to continue.
WARNING: [IP_Flow 19-3664] IP 'pcie3_7x_0' generated file not found 'd:/mygit/NocProject/dyract/dyract.srcs/sources_1/ip/pcie3_7x_0/source/pcie3_7x_0_pipe_user.v'. Please regenerate to continue.
WARNING: [IP_Flow 19-3664] IP 'pcie3_7x_0' generated file not found 'd:/mygit/NocProject/dyract/dyract.srcs/sources_1/ip/pcie3_7x_0/source/pcie3_7x_0_pipe_wrapper.v'. Please regenerate to continue.
WARNING: [IP_Flow 19-3664] IP 'pcie3_7x_0' generated file not found 'd:/mygit/NocProject/dyract/dyract.srcs/sources_1/ip/pcie3_7x_0/source/pcie3_7x_0_qpll_drp.v'. Please regenerate to continue.
WARNING: [IP_Flow 19-3664] IP 'pcie3_7x_0' generated file not found 'd:/mygit/NocProject/dyract/dyract.srcs/sources_1/ip/pcie3_7x_0/source/pcie3_7x_0_qpll_reset.v'. Please regenerate to continue.
WARNING: [IP_Flow 19-3664] IP 'pcie3_7x_0' generated file not found 'd:/mygit/NocProject/dyract/dyract.srcs/sources_1/ip/pcie3_7x_0/source/pcie3_7x_0_qpll_wrapper.v'. Please regenerate to continue.
WARNING: [IP_Flow 19-3664] IP 'pcie3_7x_0' generated file not found 'd:/mygit/NocProject/dyract/dyract.srcs/sources_1/ip/pcie3_7x_0/source/pcie3_7x_0_rxeq_scan.v'. Please regenerate to continue.
WARNING: [IP_Flow 19-3664] IP 'pcie3_7x_0' generated file not found 'd:/mygit/NocProject/dyract/dyract.srcs/sources_1/ip/pcie3_7x_0/source/pcie3_7x_0_gt_wrapper.v'. Please regenerate to continue.
WARNING: [IP_Flow 19-3664] IP 'pcie3_7x_0' generated file not found 'd:/mygit/NocProject/dyract/dyract.srcs/sources_1/ip/pcie3_7x_0/source/pcie3_7x_0_gt_top.v'. Please regenerate to continue.
WARNING: [IP_Flow 19-3664] IP 'pcie3_7x_0' generated file not found 'd:/mygit/NocProject/dyract/dyract.srcs/sources_1/ip/pcie3_7x_0/source/pcie3_7x_0_gt_common.v'. Please regenerate to continue.
WARNING: [IP_Flow 19-3664] IP 'pcie3_7x_0' generated file not found 'd:/mygit/NocProject/dyract/dyract.srcs/sources_1/ip/pcie3_7x_0/source/pcie3_7x_0_gtx_cpllpd_ovrd.v'. Please regenerate to continue.
WARNING: [IP_Flow 19-3664] IP 'pcie3_7x_0' generated file not found 'd:/mygit/NocProject/dyract/dyract.srcs/sources_1/ip/pcie3_7x_0/source/pcie3_7x_0_pcie_tlp_tph_tbl_7vx.v'. Please regenerate to continue.
WARNING: [IP_Flow 19-3664] IP 'pcie3_7x_0' generated file not found 'd:/mygit/NocProject/dyract/dyract.srcs/sources_1/ip/pcie3_7x_0/source/pcie3_7x_0_pcie_3_0_7vx.v'. Please regenerate to continue.
WARNING: [IP_Flow 19-3664] IP 'pcie3_7x_0' generated file not found 'd:/mygit/NocProject/dyract/dyract.srcs/sources_1/ip/pcie3_7x_0/sim/pcie3_7x_0.v'. Please regenerate to continue.
WARNING: [IP_Flow 19-3664] IP 'pcie3_7x_0' generated file not found 'd:/mygit/NocProject/dyract/dyract.srcs/sources_1/ip/pcie3_7x_0/doc/pcie3_7x_v4_1_changelog.txt'. Please regenerate to continue.
WARNING: [IP_Flow 19-3664] IP 'pcie3_7x_0' generated file not found 'd:/mygit/NocProject/dyract/dyract.srcs/sources_1/ip/pcie3_7x_0/pcie3_7x_0.dcp'. Please regenerate to continue.
WARNING: [IP_Flow 19-3664] IP 'pcie3_7x_0' generated file not found 'd:/mygit/NocProject/dyract/dyract.srcs/sources_1/ip/pcie3_7x_0/pcie3_7x_0_stub.v'. Please regenerate to continue.
WARNING: [IP_Flow 19-3664] IP 'pcie3_7x_0' generated file not found 'd:/mygit/NocProject/dyract/dyract.srcs/sources_1/ip/pcie3_7x_0/pcie3_7x_0_stub.vhdl'. Please regenerate to continue.
WARNING: [IP_Flow 19-3664] IP 'pcie3_7x_0' generated file not found 'd:/mygit/NocProject/dyract/dyract.srcs/sources_1/ip/pcie3_7x_0/pcie3_7x_0_sim_netlist.v'. Please regenerate to continue.
WARNING: [IP_Flow 19-3664] IP 'pcie3_7x_0' generated file not found 'd:/mygit/NocProject/dyract/dyract.srcs/sources_1/ip/pcie3_7x_0/pcie3_7x_0_sim_netlist.vhdl'. Please regenerate to continue.
WARNING: [IP_Flow 19-3664] IP 'user_fifo' generated file not found 'd:/mygit/NocProject/dyract/dyract.srcs/sources_1/ip/user_fifo/user_fifo.vho'. Please regenerate to continue.
WARNING: [IP_Flow 19-3664] IP 'user_fifo' generated file not found 'd:/mygit/NocProject/dyract/dyract.srcs/sources_1/ip/user_fifo/user_fifo.veo'. Please regenerate to continue.
WARNING: [IP_Flow 19-3664] IP 'user_fifo' generated file not found 'd:/mygit/NocProject/dyract/dyract.srcs/sources_1/ip/user_fifo/axis_infrastructure_v1_1_0/hdl/verilog/axis_infrastructure_v1_1_0_axis_infrastructure.vh'. Please regenerate to continue.
WARNING: [IP_Flow 19-3664] IP 'user_fifo' generated file not found 'd:/mygit/NocProject/dyract/dyract.srcs/sources_1/ip/user_fifo/axis_infrastructure_v1_1_0/hdl/verilog/axis_infrastructure_v1_1_mux_enc.v'. Please regenerate to continue.
WARNING: [IP_Flow 19-3664] IP 'user_fifo' generated file not found 'd:/mygit/NocProject/dyract/dyract.srcs/sources_1/ip/user_fifo/axis_infrastructure_v1_1_0/hdl/verilog/axis_infrastructure_v1_1_util_aclken_converter.v'. Please regenerate to continue.
WARNING: [IP_Flow 19-3664] IP 'user_fifo' generated file not found 'd:/mygit/NocProject/dyract/dyract.srcs/sources_1/ip/user_fifo/axis_infrastructure_v1_1_0/hdl/verilog/axis_infrastructure_v1_1_util_aclken_converter_wrapper.v'. Please regenerate to continue.
WARNING: [IP_Flow 19-3664] IP 'user_fifo' generated file not found 'd:/mygit/NocProject/dyract/dyract.srcs/sources_1/ip/user_fifo/axis_infrastructure_v1_1_0/hdl/verilog/axis_infrastructure_v1_1_util_axis2vector.v'. Please regenerate to continue.
WARNING: [IP_Flow 19-3664] IP 'user_fifo' generated file not found 'd:/mygit/NocProject/dyract/dyract.srcs/sources_1/ip/user_fifo/axis_infrastructure_v1_1_0/hdl/verilog/axis_infrastructure_v1_1_util_vector2axis.v'. Please regenerate to continue.
WARNING: [IP_Flow 19-3664] IP 'user_fifo' generated file not found 'd:/mygit/NocProject/dyract/dyract.srcs/sources_1/ip/user_fifo/axis_infrastructure_v1_1_0/hdl/verilog/axis_infrastructure_v1_1_clock_synchronizer.v'. Please regenerate to continue.
WARNING: [IP_Flow 19-3664] IP 'user_fifo' generated file not found 'd:/mygit/NocProject/dyract/dyract.srcs/sources_1/ip/user_fifo/axis_infrastructure_v1_1_0/hdl/verilog/axis_infrastructure_v1_1_cdc_handshake.v'. Please regenerate to continue.
WARNING: [IP_Flow 19-3664] IP 'user_fifo' generated file not found 'd:/mygit/NocProject/dyract/dyract.srcs/sources_1/ip/user_fifo/blk_mem_gen_v8_3_1/hdl/blk_mem_gen_v8_3_vhsyn_rfs.vhd'. Please regenerate to continue.
WARNING: [IP_Flow 19-3664] IP 'user_fifo' generated file not found 'd:/mygit/NocProject/dyract/dyract.srcs/sources_1/ip/user_fifo/blk_mem_gen_v8_3_1/hdl/blk_mem_gen_v8_3.vhd'. Please regenerate to continue.
WARNING: [IP_Flow 19-3664] IP 'user_fifo' generated file not found 'd:/mygit/NocProject/dyract/dyract.srcs/sources_1/ip/user_fifo/fifo_generator_v13_0_1/hdl/fifo_generator_v13_0_vhsyn_rfs.vhd'. Please regenerate to continue.
WARNING: [IP_Flow 19-3664] IP 'user_fifo' generated file not found 'd:/mygit/NocProject/dyract/dyract.srcs/sources_1/ip/user_fifo/fifo_generator_v13_0_1/hdl/fifo_generator_v13_0.vhd'. Please regenerate to continue.
WARNING: [IP_Flow 19-3664] IP 'user_fifo' generated file not found 'd:/mygit/NocProject/dyract/dyract.srcs/sources_1/ip/user_fifo/user_fifo_ooc.xdc'. Please regenerate to continue.
WARNING: [IP_Flow 19-3664] IP 'user_fifo' generated file not found 'd:/mygit/NocProject/dyract/dyract.srcs/sources_1/ip/user_fifo/user_fifo/user_fifo.xdc'. Please regenerate to continue.
WARNING: [IP_Flow 19-3664] IP 'user_fifo' generated file not found 'd:/mygit/NocProject/dyract/dyract.srcs/sources_1/ip/user_fifo/axis_data_fifo_v1_1_8/hdl/verilog/axis_data_fifo_v1_1_axis_data_fifo.v'. Please regenerate to continue.
WARNING: [IP_Flow 19-3664] IP 'user_fifo' generated file not found 'd:/mygit/NocProject/dyract/dyract.srcs/sources_1/ip/user_fifo/synth/user_fifo.v'. Please regenerate to continue.
WARNING: [IP_Flow 19-3664] IP 'user_fifo' generated file not found 'd:/mygit/NocProject/dyract/dyract.srcs/sources_1/ip/user_fifo/axis_infrastructure_v1_1_0/hdl/verilog/axis_infrastructure_v1_1_0_axis_infrastructure.vh'. Please regenerate to continue.
WARNING: [IP_Flow 19-3664] IP 'user_fifo' generated file not found 'd:/mygit/NocProject/dyract/dyract.srcs/sources_1/ip/user_fifo/axis_infrastructure_v1_1_0/hdl/verilog/axis_infrastructure_v1_1_mux_enc.v'. Please regenerate to continue.
WARNING: [IP_Flow 19-3664] IP 'user_fifo' generated file not found 'd:/mygit/NocProject/dyract/dyract.srcs/sources_1/ip/user_fifo/axis_infrastructure_v1_1_0/hdl/verilog/axis_infrastructure_v1_1_util_aclken_converter.v'. Please regenerate to continue.
WARNING: [IP_Flow 19-3664] IP 'user_fifo' generated file not found 'd:/mygit/NocProject/dyract/dyract.srcs/sources_1/ip/user_fifo/axis_infrastructure_v1_1_0/hdl/verilog/axis_infrastructure_v1_1_util_aclken_converter_wrapper.v'. Please regenerate to continue.
WARNING: [IP_Flow 19-3664] IP 'user_fifo' generated file not found 'd:/mygit/NocProject/dyract/dyract.srcs/sources_1/ip/user_fifo/axis_infrastructure_v1_1_0/hdl/verilog/axis_infrastructure_v1_1_util_axis2vector.v'. Please regenerate to continue.
WARNING: [IP_Flow 19-3664] IP 'user_fifo' generated file not found 'd:/mygit/NocProject/dyract/dyract.srcs/sources_1/ip/user_fifo/axis_infrastructure_v1_1_0/hdl/verilog/axis_infrastructure_v1_1_util_vector2axis.v'. Please regenerate to continue.
WARNING: [IP_Flow 19-3664] IP 'user_fifo' generated file not found 'd:/mygit/NocProject/dyract/dyract.srcs/sources_1/ip/user_fifo/axis_infrastructure_v1_1_0/hdl/verilog/axis_infrastructure_v1_1_clock_synchronizer.v'. Please regenerate to continue.
WARNING: [IP_Flow 19-3664] IP 'user_fifo' generated file not found 'd:/mygit/NocProject/dyract/dyract.srcs/sources_1/ip/user_fifo/axis_infrastructure_v1_1_0/hdl/verilog/axis_infrastructure_v1_1_cdc_handshake.v'. Please regenerate to continue.
INFO: [Common 17-14] Message 'IP_Flow 19-3664' appears 100 times and further instances of the messages will be disabled. Use the Tcl command set_msg_config to change the current settings.
open_project: Time (s): cpu = 00:00:15 ; elapsed = 00:00:09 . Memory (MB): peak = 772.445 ; gain = 199.992
exit
INFO: [Common 17-206] Exiting Vivado at Tue Aug 08 22:59:30 2017...
